Build started 2/10/2015 10:36:51 PM.
     1>Project "D:\Tushar Exam prep\syr_uni\OOD\unzip\OOD_Project_1\File_Catalogue\Exec\Exec.vcxproj" on node 2 (Rebuild target(s)).
     1>ClCompile:
         C:\Program Files (x86)\Microsoft Visual Studio 12.0\VC\bin\CL.exe /c /ZI /nologo /W3 /WX- /sdl /Od /Oy- /D WIN32 /D _DEBUG /D _CONSOLE /D _LIB /D _UNICODE /D UNICODE /Gm /EHsc /RTC1 /MDd /GS /fp:precise /Zc:wchar_t /Zc:forScope /Fo"Debug\\" /Fd"Debug\vc120.pdb" /Gd /TP /analyze- /errorReport:prompt ..\Cataloger\Cataloger.cpp ..\DataStore\DataStore.cpp ..\FileMgr\FileMgr.cpp ..\FileMgr\FileSystem.cpp ..\SearchText\SearchText.cpp Exec.cpp
         Exec.cpp
         SearchText.cpp
         FileSystem.cpp
         FileMgr.cpp
         DataStore.cpp
         Cataloger.cpp
         Generating Code...
         C:\Program Files (x86)\Microsoft Visual Studio 12.0\VC\bin\CL.exe /c /ZI /nologo /W3 /WX- /sdl /Od /Oy- /D WIN32 /D _DEBUG /D _CONSOLE /D _LIB /D WIN32 /D _DEBUG /D _CONSOLE /D _LIB /D _UNICODE /D UNICODE /Gm /EHsc /RTC1 /MDd /GS /fp:precise /Zc:wchar_t /Zc:forScope /Fo"Debug\\" /Fd"Debug\vc120.pdb" /Gd /TP /analyze- /errorReport:prompt ..\Display\Display.cpp
         Display.cpp
       Link:
         C:\Program Files (x86)\Microsoft Visual Studio 12.0\VC\bin\link.exe /ERRORREPORT:PROMPT /OUT:"D:\Tushar Exam prep\syr_uni\OOD\unzip\OOD_Project_1\File_Catalogue\Debug\Exec.exe" /INCREMENTAL /NOLOGO kernel32.lib user32.lib gdi32.lib winspool.lib comdlg32.lib advapi32.lib shell32.lib ole32.lib oleaut32.lib uuid.lib odbc32.lib odbccp32.lib /MANIFEST /MANIFESTUAC:"level='asInvoker' uiAccess='false'" /manifest:embed /DEBUG /PDB:"D:\Tushar Exam prep\syr_uni\OOD\unzip\OOD_Project_1\File_Catalogue\Debug\Exec.pdb" /SUBSYSTEM:CONSOLE /TLBID:1 /DYNAMICBASE /NXCOMPAT /IMPLIB:"D:\Tushar Exam prep\syr_uni\OOD\unzip\OOD_Project_1\File_Catalogue\Debug\Exec.lib" /MACHINE:X86 Debug\Cataloger.obj
         Debug\DataStore.obj
         Debug\Display.obj
         Debug\FileMgr.obj
         Debug\FileSystem.obj
         Debug\SearchText.obj
         Debug\Exec.obj
         Exec.vcxproj -> D:\Tushar Exam prep\syr_uni\OOD\unzip\OOD_Project_1\File_Catalogue\Debug\Exec.exe
     1>Done Building Project "D:\Tushar Exam prep\syr_uni\OOD\unzip\OOD_Project_1\File_Catalogue\Exec\Exec.vcxproj" (Rebuild target(s)).

Build succeeded.

Time Elapsed 00:00:24.51
